2019-09-26T23:14:46.053810
2019-09-26T23:14:46.053858
2019-09-26T23:14:46.054017
Start cycling cards 2019-09-26T23:14:46.054025
4
5
9
10
11
12
13
14
15
16
17
18
21
22
23
24
26
27
29
31
33
End   cycling cards 2019-09-26T23:14:46.054148
m 1 'message: runtpe = run1\n'
t 3 "Problem's title"
c 4 'c this is the 1-st B-comment in card ... ntinuation-&\n         1 2 3 (4 5)\n'
s 21 'c Surfaces\n1 so 10\n2 10 px 90\n3 s 1.0 -2. -.9 10\n'
d 26 'm1 1001 1\nm2 \n        1001 1\nm3 &\n1001 1\nm3  $ \n        1001 1\nprint\n'
************************************************************
5
1 0 -1 imp:n=1 imp:p=0 imp:e=0
('1', ' 0', ' -1 ', 'imp:n=1 imp:p=0 imp:e=0')
************************************************************
9
2 like 1 but mat=2 u=3
('2', '', ' like 1 but', ' mat=2 u=3')
************************************************************
10
3 0 1 2 3 
('3', ' 0', ' 1 2 3 ', '')
************************************************************
11
6 0 1 2 3 4 5 6
('6', ' 0', ' 1 2 3 4 5 6', '')
************************************************************
12
7 0 1:2:3:4:5:6
('7', ' 0', ' 1:2:3:4:5:6', '')
************************************************************
13
4 1 -50.0 -1 3 : 5 6
('4', ' 1 -50.0', ' -1 3 : 5 6', '')
************************************************************
14
5 1 -50.0 -1 (3 : 5) 6
('5', ' 1 -50.0', ' -1 (3 : 5) 6', '')
************************************************************
15
8 2 -10.0 1 -3 : 5 -6 #3
('8', ' 2 -10.0', ' 1 -3 : 5 -6 #3', '')
************************************************************
16
9 0 1 2 3 (4 5) #(6:7 8) -9
('9', ' 0', ' 1 2 3 (4 5) #(6:7 8) -9', '')
************************************************************
17
10 0 1 2 3 (4 5) # (6:7 8) -9
('10', ' 0', ' 1 2 3 (4 5) # (6:7 8) -9', '')
************************************************************
18
11 1 -10.0 1 2 3 (4 5)
('11', ' 1 -10.0', ' 1 2 3 (4 5)', '')
************************************************************
22
1 so 10
('1', '', 'so', '10')
************************************************************
23
2 10 px 90
('2', '10 ', 'px', '90')
************************************************************
24
3 s 1.0 -2. -.9 10
('3', '', 's', '1.0 -2. -.9 10')
************************************************************
26
m1 1001 1
('1', 'm', ' 1001 1')
************************************************************
27
m2 1001 1
('2', 'm', ' 1001 1')
************************************************************
29
m3 1001 1
('3', 'm', ' 1001 1')
************************************************************
31
m3 1001 1
('3', 'm', ' 1001 1')
************************************************************
33
print
('', 'print', '')
